Processing espc5-12-matter (platform: https://github.com/pioarduino/platform-espressif32/releases/download/stable/platform-espressif32.zip; framework: arduino; board: esp32-c5-devkitc-1)
--------------------------------------------------------------------------------
Library Manager: Installing opensprinklershop/arduinoWebSockets
Verbose mode can be enabled via `-v, --verbose` option
Fixing RISC-V linker to use GCC wrapper for LTO support...
Linker set to: riscv32-esp-elf-gcc
Zigbee+Matter build detected: removing OpenThread to avoid IEEE802154 symbol conflicts...
OpenThread library handling configured for Zigbee build
CONFIGURATION: https://docs.platformio.org/page/boards/espressif32/esp32-c5-devkitc-1.html
PLATFORM: Espressif 32 (55.3.34) > Espressif ESP32-C5-DevKitC-1 4MB no PSRAM
HARDWARE: ESP32C5 240MHz, 320KB RAM, 4MB Flash
DEBUG: Current (cmsis-dap) External (cmsis-dap, esp-bridge, esp-builtin, esp-prog, iot-bus-jtag, jlink, minimodule, olimex-arm-usb-ocd, olimex-arm-usb-ocd-h, olimex-arm-usb-tiny-h, olimex-jtag-tiny, tumpa)
PACKAGES: 
 - contrib-piohome @ 3.4.4 
 - framework-arduinoespressif32 @ 3.3.4 
 - framework-arduinoespressif32-libs @ 5.5.0+sha.8410210c9a 
 - tool-esp-rom-elfs @ 2024.10.11 
 - tool-esptoolpy @ 5.1.0 
 - tool-mklittlefs @ 3.2.0 
 - tool-openocd-esp32 @ 2.1200.20250707 (12.0) 
 - tool-riscv32-esp-elf-gdb @ 16.3.0+20250913 
 - toolchain-riscv32-esp @ 14.2.0+20250730
Converting mainArduino.ino
[ComponentManager] BT/BLE protection enabled
[ComponentManager] Ignored library: fatfs (3 entries)
[ComponentManager] Ignored library: spiffs (1 entries)
[ComponentManager] Updated build file (4 total removals)
[ComponentManager] Processed 2 ignored libraries
[ComponentManager] Session completed with 5 changes
*** Applied include path shortening for 303 framework paths ***
*** Path length reduced from 35995 to ~12757 characters ***
*** Estimated savings: 22725 characters ***
LDF: Library Dependency Finder -> https://bit.ly/configure-pio-ldf
LDF Modes: Finder ~ chain, Compatibility ~ soft
Found 45 compatible libraries
Scanning dependencies...
Dependency Graph
|-- Ethernet @ 3.3.4
|-- Zigbee @ 3.3.4
|-- Matter @ 3.3.4
|-- BLE @ 3.3.4
|-- ESP8266 and ESP32 OLED driver for SSD1306 displays @ 4.6.1+sha.70921e5
|-- PubSubClient @ 2.8.0
|-- WebSockets @ 2.7.1+sha.464f67d
|-- OpenThings-Framework-Firmware-Library @ 0.2.1
|-- ADS1X15 @ 0.5.4
|-- ESP8266 Influxdb @ 3.13.2+sha.c004871
|-- Wire @ 3.3.4
|-- ArduinoOTA @ 3.3.4
|-- WiFi @ 3.3.4
|-- SPI @ 3.3.4
|-- NetworkClientSecure @ 3.3.4
|-- FS @ 3.3.4
|-- LittleFS @ 3.3.4
|-- Update @ 3.3.4
|-- DNSServer @ 3.3.4
|-- Ticker @ 3.3.4
|-- WebServer @ 3.3.4
|-- HTTPClient @ 3.3.4
Building in debug mode
Compiling .pio\build\espc5-12-matter\src\mainArduino.ino.cpp.o
Linking .pio\build\espc5-12-matter\firmware.elf
Firmware metrics can not be shown. Set the terminal codepage to "utf-8" or "cp65001" on Windows.
Retrieving maximum program size .pio\build\espc5-12-matter\firmware.elf
Checking size .pio\build\espc5-12-matter\firmware.elf
Advanced Memory Usage is available via "PlatformIO Home > Project Inspect"
RAM:   [=====     ]  52.6% (used 172492 bytes from 327680 bytes)
Flash: [========  ]  83.6% (used 3507518 bytes from 4194304 bytes)
Building .pio\build\espc5-12-matter\firmware.bin
esptool v5.1.0
Creating ESP32C5 image...
Merged 2 ELF sections.
Successfully created ESP32C5 image.
========================= [SUCCESS] Took 43.12 seconds =========================

Environment      Status    Duration
---------------  --------  ------------
espc5-12-matter  SUCCESS   00:00:43.120
========================= 1 succeeded in 00:00:43.120 =========================
